[2025-12-28 20:23:33,791][__main__][INFO] - Loaded config: Multi-Model Pool (3x MPS)
[2025-12-28 20:23:33,791][src.server.services.orchestrator_service][INFO] - Tokenizer pool created: 3 workers, model: cross-encoder/ms-marco-MiniLM-L-6-v2
[2025-12-28 20:23:33,803][src.server.dto.metrics.collector][INFO] - Experiment: Multi-Model Pool (3x MPS) | Backend: mps | Device: mps
[2025-12-28 20:23:33,803][src.server.services.orchestrator_service][INFO] - Using orchestrator wrapper for async tokenization -> inference flow
[2025-12-28 20:23:33,804][src.server.services.orchestrator_service][INFO] - Starting tokenization service...
[2025-12-28 20:23:34,828][src.server.services.tokenization_service][INFO] - Tokenizer loaded: cross-encoder/ms-marco-MiniLM-L-6-v2
[2025-12-28 20:23:34,828][src.server.services.tokenization_service][INFO] - Tokenizer worker 1 loaded: cross-encoder/ms-marco-MiniLM-L-6-v2
[2025-12-28 20:23:34,853][src.server.services.tokenization_service][INFO] - Tokenizer loaded: cross-encoder/ms-marco-MiniLM-L-6-v2
[2025-12-28 20:23:34,853][src.server.services.tokenization_service][INFO] - Tokenizer worker 0 loaded: cross-encoder/ms-marco-MiniLM-L-6-v2
[2025-12-28 20:23:35,373][src.server.services.tokenization_service][INFO] - Tokenizer loaded: cross-encoder/ms-marco-MiniLM-L-6-v2
[2025-12-28 20:23:35,373][src.server.services.tokenization_service][INFO] - Tokenizer worker 2 loaded: cross-encoder/ms-marco-MiniLM-L-6-v2
[2025-12-28 20:23:35,810][src.server.services.tokenization_service][INFO] - Tokenizer pool ready with 3 workers
[2025-12-28 20:23:35,810][src.server.services.service_base][INFO] - TokenizationService started
[2025-12-28 20:23:35,810][src.server.services.orchestrator_service][INFO] - Starting inference service with 3 instances...
[2025-12-28 20:23:46,047][src.server.services.inference_service][INFO] - Pool ready with 3 workers
[2025-12-28 20:23:46,047][src.server.services.service_base][INFO] - InferenceService started
[2025-12-28 20:23:46,048][src.server.services.metrics_service][INFO] - MetricsService started with worker metrics collection (interval: 5.0s)
[2025-12-28 20:23:46,055][src.frontend.server][INFO] - Dashboard at http://localhost:8080
[2025-12-28 20:23:46,056][__main__][INFO] - Starting gRPC server on port 50051...
[2025-12-28 20:23:46,072][src.server.grpc][INFO] - gRPC server listening on 0.0.0.0:50051
[2025-12-28 20:23:47,655][src.server.dto.metrics.collector][INFO] - Metrics reset
