[2025-12-28 18:15:57,299][__main__][INFO] - Loaded config: Multi-Model Pool (2x MPS)
[2025-12-28 18:15:57,299][src.server.services.orchestrator_service][INFO] - Tokenizer pool created: 3 workers, model: cross-encoder/ms-marco-MiniLM-L-6-v2
[2025-12-28 18:15:57,311][src.server.models.metrics.collector][INFO] - Experiment: Multi-Model Pool (2x MPS) | Backend: mps | Device: mps
[2025-12-28 18:15:57,312][src.server.services.orchestrator_service][INFO] - Using orchestrator wrapper for async tokenization -> inference flow
[2025-12-28 18:15:57,312][src.server.services.orchestrator_service][INFO] - Starting tokenization service...
[2025-12-28 18:15:58,352][src.server.services.tokenization_service][INFO] - Tokenizer loaded: cross-encoder/ms-marco-MiniLM-L-6-v2
[2025-12-28 18:15:58,352][src.server.services.tokenization_service][INFO] - Tokenizer worker 0 loaded: cross-encoder/ms-marco-MiniLM-L-6-v2
[2025-12-28 18:15:58,370][src.server.services.tokenization_service][INFO] - Tokenizer loaded: cross-encoder/ms-marco-MiniLM-L-6-v2
[2025-12-28 18:15:58,370][src.server.services.tokenization_service][INFO] - Tokenizer worker 2 loaded: cross-encoder/ms-marco-MiniLM-L-6-v2
[2025-12-28 18:15:58,387][src.server.services.tokenization_service][INFO] - Tokenizer loaded: cross-encoder/ms-marco-MiniLM-L-6-v2
[2025-12-28 18:15:58,387][src.server.services.tokenization_service][INFO] - Tokenizer worker 1 loaded: cross-encoder/ms-marco-MiniLM-L-6-v2
[2025-12-28 18:15:59,318][src.server.services.tokenization_service][INFO] - Tokenizer pool ready with 3 workers
[2025-12-28 18:15:59,319][src.server.services.service_base][INFO] - TokenizationService started
[2025-12-28 18:15:59,319][src.server.services.orchestrator_service][INFO] - Starting inference service with 2 instances...
[2025-12-28 18:16:09,625][src.server.services.inference_service][INFO] - Pool ready with 2 workers
[2025-12-28 18:16:09,625][src.server.services.service_base][INFO] - InferenceService started
[2025-12-28 18:16:09,631][src.frontend.server][INFO] - Dashboard at http://localhost:8080
[2025-12-28 18:16:09,631][__main__][INFO] - Starting gRPC server on port 50051...
[2025-12-28 18:16:09,636][src.server.grpc][INFO] - gRPC server listening on 0.0.0.0:50051
[2025-12-28 18:16:11,051][src.server.models.metrics.collector][INFO] - Metrics reset
