[2025-12-28 19:33:16,221][__main__][INFO] - Loaded config: Multi-Model Pool (2x MPS)
[2025-12-28 19:33:16,221][src.server.services.orchestrator_service][INFO] - Tokenizer pool created: 3 workers, model: cross-encoder/ms-marco-MiniLM-L-6-v2
[2025-12-28 19:33:16,232][src.server.models.metrics.collector][INFO] - Experiment: Multi-Model Pool (2x MPS) | Backend: mps | Device: mps
[2025-12-28 19:33:16,232][src.server.services.orchestrator_service][INFO] - Using orchestrator wrapper for async tokenization -> inference flow
[2025-12-28 19:33:16,232][src.server.services.orchestrator_service][INFO] - Starting tokenization service...
[2025-12-28 19:33:17,274][src.server.services.tokenization_service][INFO] - Tokenizer loaded: cross-encoder/ms-marco-MiniLM-L-6-v2
[2025-12-28 19:33:17,274][src.server.services.tokenization_service][INFO] - Tokenizer worker 0 loaded: cross-encoder/ms-marco-MiniLM-L-6-v2
[2025-12-28 19:33:17,289][src.server.services.tokenization_service][INFO] - Tokenizer loaded: cross-encoder/ms-marco-MiniLM-L-6-v2
[2025-12-28 19:33:17,289][src.server.services.tokenization_service][INFO] - Tokenizer worker 2 loaded: cross-encoder/ms-marco-MiniLM-L-6-v2
[2025-12-28 19:33:17,321][src.server.services.tokenization_service][INFO] - Tokenizer loaded: cross-encoder/ms-marco-MiniLM-L-6-v2
[2025-12-28 19:33:17,321][src.server.services.tokenization_service][INFO] - Tokenizer worker 1 loaded: cross-encoder/ms-marco-MiniLM-L-6-v2
[2025-12-28 19:33:18,234][src.server.services.tokenization_service][INFO] - Tokenizer pool ready with 3 workers
[2025-12-28 19:33:18,234][src.server.services.service_base][INFO] - TokenizationService started
[2025-12-28 19:33:18,234][src.server.services.orchestrator_service][INFO] - Starting inference service with 2 instances...
[2025-12-28 19:33:28,043][src.server.services.inference_service][INFO] - Pool ready with 2 workers
[2025-12-28 19:33:28,043][src.server.services.service_base][INFO] - InferenceService started
[2025-12-28 19:33:28,043][src.server.services.metrics_service][INFO] - MetricsService started with worker metrics collection (interval: 5.0s)
[2025-12-28 19:33:28,048][src.frontend.server][INFO] - Dashboard at http://localhost:8080
[2025-12-28 19:33:28,048][__main__][INFO] - Starting gRPC server on port 50051...
[2025-12-28 19:33:28,054][src.server.grpc][INFO] - gRPC server listening on 0.0.0.0:50051
[2025-12-28 19:33:29,253][src.server.models.metrics.collector][INFO] - Metrics reset
[2025-12-28 19:34:30,605][src.server.services.orchestrator_service][INFO] - Shutdown signal received
[2025-12-28 19:34:30,605][src.server.services.metrics_service][INFO] - MetricsService stopped
[2025-12-28 19:34:30,605][src.server.services.service_base][INFO] - InferenceService stopped
[2025-12-28 19:34:31,273][src.server.services.inference_service][INFO] - Pool stopped
[2025-12-28 19:34:31,274][src.server.services.service_base][INFO] - TokenizationService stopped
[2025-12-28 19:34:31,285][src.server.services.tokenization_service][INFO] - Tokenizer pool stopped
