[2025-12-28 19:27:53,060][__main__][INFO] - Loaded config: Multi-Model Pool (2x MPS)
[2025-12-28 19:27:53,060][src.server.services.orchestrator_service][INFO] - Tokenizer pool created: 3 workers, model: cross-encoder/ms-marco-MiniLM-L-6-v2
[2025-12-28 19:27:53,069][src.server.models.metrics.collector][INFO] - Experiment: Multi-Model Pool (2x MPS) | Backend: mps | Device: mps
[2025-12-28 19:27:53,069][src.server.services.orchestrator_service][INFO] - Using orchestrator wrapper for async tokenization -> inference flow
[2025-12-28 19:27:53,070][src.server.services.orchestrator_service][INFO] - Starting tokenization service...
[2025-12-28 19:27:54,140][src.server.services.tokenization_service][INFO] - Tokenizer loaded: cross-encoder/ms-marco-MiniLM-L-6-v2
[2025-12-28 19:27:54,140][src.server.services.tokenization_service][INFO] - Tokenizer worker 1 loaded: cross-encoder/ms-marco-MiniLM-L-6-v2
[2025-12-28 19:27:54,192][src.server.services.tokenization_service][INFO] - Tokenizer loaded: cross-encoder/ms-marco-MiniLM-L-6-v2
[2025-12-28 19:27:54,204][src.server.services.tokenization_service][INFO] - Tokenizer worker 2 loaded: cross-encoder/ms-marco-MiniLM-L-6-v2
[2025-12-28 19:27:54,205][src.server.services.tokenization_service][INFO] - Tokenizer loaded: cross-encoder/ms-marco-MiniLM-L-6-v2
[2025-12-28 19:27:54,205][src.server.services.tokenization_service][INFO] - Tokenizer worker 0 loaded: cross-encoder/ms-marco-MiniLM-L-6-v2
[2025-12-28 19:27:55,075][src.server.services.tokenization_service][INFO] - Tokenizer pool ready with 3 workers
[2025-12-28 19:27:55,075][src.server.services.service_base][INFO] - TokenizationService started
[2025-12-28 19:27:55,075][src.server.services.orchestrator_service][INFO] - Starting inference service with 2 instances...
[2025-12-28 19:28:04,247][src.server.services.inference_service][INFO] - Pool ready with 2 workers
[2025-12-28 19:28:04,247][src.server.services.service_base][INFO] - InferenceService started
[2025-12-28 19:28:04,247][src.server.services.metrics_service][INFO] - MetricsService started with worker metrics collection (interval: 5.0s)
[2025-12-28 19:28:04,252][src.frontend.server][INFO] - Dashboard at http://localhost:8080
[2025-12-28 19:28:04,252][__main__][INFO] - Starting gRPC server on port 50051...
[2025-12-28 19:28:04,257][src.server.grpc][INFO] - gRPC server listening on 0.0.0.0:50051
[2025-12-28 19:28:05,116][src.server.models.metrics.collector][INFO] - Metrics reset
[2025-12-28 19:29:02,796][src.server.services.orchestrator_service][INFO] - Shutdown signal received
[2025-12-28 19:29:02,796][src.server.services.metrics_service][INFO] - MetricsService stopped
[2025-12-28 19:29:02,797][src.server.services.service_base][INFO] - InferenceService stopped
[2025-12-28 19:29:03,454][src.server.services.inference_service][INFO] - Pool stopped
[2025-12-28 19:29:03,454][src.server.services.service_base][INFO] - TokenizationService stopped
[2025-12-28 19:29:03,467][src.server.services.tokenization_service][INFO] - Tokenizer pool stopped
