[2026-01-25 20:38:13,315][__main__][WARNING] - gRPC workers (16) is less than max concurrency (16). This will bottleneck throughput. Auto-adjusting to 32.
[2026-01-25 20:38:13,320][__main__][INFO] - Loaded config: 26b_model_pool_2x
[2026-01-25 20:38:13,324][__main__][INFO] - gRPC server configured with 32 worker threads
[2026-01-25 20:38:13,327][src.server.services.orchestrator_service][INFO] - Setting up orchestrator for experiment: 26b_model_pool_2x
[2026-01-25 20:38:13,331][src.server.dto.metrics.collector][INFO] - Experiment: 26b_model_pool_2x | Backend: mps | Device: mps
[2026-01-25 20:38:13,334][src.server.pipeline.queue_based][INFO] - Setting up queue-based pipeline for experiment: 26b_model_pool_2x
[2026-01-25 20:38:13,340][src.server.pipeline.queue_based][INFO] - Batching disabled - using direct pipeline processing
[2026-01-25 20:38:13,342][src.server.pipeline.queue_based][INFO] - Queue-based pipeline setup complete
[2026-01-25 20:38:13,345][src.server.services.orchestrator_service][INFO] - Orchestrator setup complete
[2026-01-25 20:38:13,347][src.server.pipeline.queue_based][INFO] - Starting Queue-Based Pipeline in mode: full
[2026-01-25 20:38:13,350][src.server.pipeline.queue_based][INFO] - Starting tokenization pool...
'(MaxRetryError('HTTPSConnectionPool(host=\'huggingface.co\', port=443): Max retries exceeded with url: /cross-encoder/ms-marco-MiniLM-L-6-v2/resolve/main/tokenizer_config.json (Caused by NameResolutionError("HTTPSConnection(host=\'huggingface.co\', port=443): Failed to resolve \'huggingface.co\' ([Errno 8] nodename nor servname provided, or not known)"))'), '(Request ID: 7715b0a7-7312-4235-b54c-577296c1c5a6)')' thrown while requesting HEAD https://huggingface.co/cross-encoder/ms-marco-MiniLM-L-6-v2/resolve/main/tokenizer_config.json
'(MaxRetryError('HTTPSConnectionPool(host=\'huggingface.co\', port=443): Max retries exceeded with url: /cross-encoder/ms-marco-MiniLM-L-6-v2/resolve/main/tokenizer_config.json (Caused by NameResolutionError("HTTPSConnection(host=\'huggingface.co\', port=443): Failed to resolve \'huggingface.co\' ([Errno 8] nodename nor servname provided, or not known)"))'), '(Request ID: 87a8ec06-cc3b-40b0-bc82-d7bf1d6239f5)')' thrown while requesting HEAD https://huggingface.co/cross-encoder/ms-marco-MiniLM-L-6-v2/resolve/main/tokenizer_config.json
2026-01-25 20:38:18,528 | WARNING | '(MaxRetryError('HTTPSConnectionPool(host=\'huggingface.co\', port=443): Max retries exceeded with url: /cross-encoder/ms-marco-MiniLM-L-6-v2/resolve/main/tokenizer_config.json (Caused by NameResolutionError("HTTPSConnection(host=\'huggingface.co\', port=443): Failed to resolve \'huggingface.co\' ([Errno 8] nodename nor servname provided, or not known)"))'), '(Request ID: 7715b0a7-7312-4235-b54c-577296c1c5a6)')' thrown while requesting HEAD https://huggingface.co/cross-encoder/ms-marco-MiniLM-L-6-v2/resolve/main/tokenizer_config.json
Retrying in 1s [Retry 1/5].
2026-01-25 20:38:18,528 | WARNING | '(MaxRetryError('HTTPSConnectionPool(host=\'huggingface.co\', port=443): Max retries exceeded with url: /cross-encoder/ms-marco-MiniLM-L-6-v2/resolve/main/tokenizer_config.json (Caused by NameResolutionError("HTTPSConnection(host=\'huggingface.co\', port=443): Failed to resolve \'huggingface.co\' ([Errno 8] nodename nor servname provided, or not known)"))'), '(Request ID: 87a8ec06-cc3b-40b0-bc82-d7bf1d6239f5)')' thrown while requesting HEAD https://huggingface.co/cross-encoder/ms-marco-MiniLM-L-6-v2/resolve/main/tokenizer_config.json
Retrying in 1s [Retry 1/5].
2026-01-25 20:38:18,530 | WARNING | Retrying in 1s [Retry 1/5].
2026-01-25 20:38:18,530 | WARNING | Retrying in 1s [Retry 1/5].
'(MaxRetryError('HTTPSConnectionPool(host=\'huggingface.co\', port=443): Max retries exceeded with url: /cross-encoder/ms-marco-MiniLM-L-6-v2/resolve/main/tokenizer_config.json (Caused by NameResolutionError("HTTPSConnection(host=\'huggingface.co\', port=443): Failed to resolve \'huggingface.co\' ([Errno 8] nodename nor servname provided, or not known)"))'), '(Request ID: 8871e552-5017-490b-97cd-a7077a905bbf)')' thrown while requesting HEAD https://huggingface.co/cross-encoder/ms-marco-MiniLM-L-6-v2/resolve/main/tokenizer_config.json
'(MaxRetryError('HTTPSConnectionPool(host=\'huggingface.co\', port=443): Max retries exceeded with url: /cross-encoder/ms-marco-MiniLM-L-6-v2/resolve/main/tokenizer_config.json (Caused by NameResolutionError("HTTPSConnection(host=\'huggingface.co\', port=443): Failed to resolve \'huggingface.co\' ([Errno 8] nodename nor servname provided, or not known)"))'), '(Request ID: 2c56b3c2-1bc5-43e7-ad71-ce8203a1d320)')' thrown while requesting HEAD https://huggingface.co/cross-encoder/ms-marco-MiniLM-L-6-v2/resolve/main/tokenizer_config.json
2026-01-25 20:38:19,534 | WARNING | '(MaxRetryError('HTTPSConnectionPool(host=\'huggingface.co\', port=443): Max retries exceeded with url: /cross-encoder/ms-marco-MiniLM-L-6-v2/resolve/main/tokenizer_config.json (Caused by NameResolutionError("HTTPSConnection(host=\'huggingface.co\', port=443): Failed to resolve \'huggingface.co\' ([Errno 8] nodename nor servname provided, or not known)"))'), '(Request ID: 8871e552-5017-490b-97cd-a7077a905bbf)')' thrown while requesting HEAD https://huggingface.co/cross-encoder/ms-marco-MiniLM-L-6-v2/resolve/main/tokenizer_config.json
Retrying in 2s [Retry 2/5].
2026-01-25 20:38:19,536 | WARNING | '(MaxRetryError('HTTPSConnectionPool(host=\'huggingface.co\', port=443): Max retries exceeded with url: /cross-encoder/ms-marco-MiniLM-L-6-v2/resolve/main/tokenizer_config.json (Caused by NameResolutionError("HTTPSConnection(host=\'huggingface.co\', port=443): Failed to resolve \'huggingface.co\' ([Errno 8] nodename nor servname provided, or not known)"))'), '(Request ID: 2c56b3c2-1bc5-43e7-ad71-ce8203a1d320)')' thrown while requesting HEAD https://huggingface.co/cross-encoder/ms-marco-MiniLM-L-6-v2/resolve/main/tokenizer_config.json
Retrying in 2s [Retry 2/5].
2026-01-25 20:38:19,536 | WARNING | Retrying in 2s [Retry 2/5].
2026-01-25 20:38:19,538 | WARNING | Retrying in 2s [Retry 2/5].
'(MaxRetryError('HTTPSConnectionPool(host=\'huggingface.co\', port=443): Max retries exceeded with url: /cross-encoder/ms-marco-MiniLM-L-6-v2/resolve/main/tokenizer_config.json (Caused by NameResolutionError("HTTPSConnection(host=\'huggingface.co\', port=443): Failed to resolve \'huggingface.co\' ([Errno 8] nodename nor servname provided, or not known)"))'), '(Request ID: 7be8b23f-c7c2-45ff-9805-4e6586d8f694)')' thrown while requesting HEAD https://huggingface.co/cross-encoder/ms-marco-MiniLM-L-6-v2/resolve/main/tokenizer_config.json
'(MaxRetryError('HTTPSConnectionPool(host=\'huggingface.co\', port=443): Max retries exceeded with url: /cross-encoder/ms-marco-MiniLM-L-6-v2/resolve/main/tokenizer_config.json (Caused by NameResolutionError("HTTPSConnection(host=\'huggingface.co\', port=443): Failed to resolve \'huggingface.co\' ([Errno 8] nodename nor servname provided, or not known)"))'), '(Request ID: 67e6ebb1-c8fa-4d3f-993a-6f12329f2ee3)')' thrown while requesting HEAD https://huggingface.co/cross-encoder/ms-marco-MiniLM-L-6-v2/resolve/main/tokenizer_config.json
2026-01-25 20:38:21,549 | WARNING | '(MaxRetryError('HTTPSConnectionPool(host=\'huggingface.co\', port=443): Max retries exceeded with url: /cross-encoder/ms-marco-MiniLM-L-6-v2/resolve/main/tokenizer_config.json (Caused by NameResolutionError("HTTPSConnection(host=\'huggingface.co\', port=443): Failed to resolve \'huggingface.co\' ([Errno 8] nodename nor servname provided, or not known)"))'), '(Request ID: 7be8b23f-c7c2-45ff-9805-4e6586d8f694)')' thrown while requesting HEAD https://huggingface.co/cross-encoder/ms-marco-MiniLM-L-6-v2/resolve/main/tokenizer_config.json
Retrying in 4s [Retry 3/5].
2026-01-25 20:38:21,550 | WARNING | '(MaxRetryError('HTTPSConnectionPool(host=\'huggingface.co\', port=443): Max retries exceeded with url: /cross-encoder/ms-marco-MiniLM-L-6-v2/resolve/main/tokenizer_config.json (Caused by NameResolutionError("HTTPSConnection(host=\'huggingface.co\', port=443): Failed to resolve \'huggingface.co\' ([Errno 8] nodename nor servname provided, or not known)"))'), '(Request ID: 67e6ebb1-c8fa-4d3f-993a-6f12329f2ee3)')' thrown while requesting HEAD https://huggingface.co/cross-encoder/ms-marco-MiniLM-L-6-v2/resolve/main/tokenizer_config.json
Retrying in 4s [Retry 3/5].
2026-01-25 20:38:21,551 | WARNING | Retrying in 4s [Retry 3/5].
2026-01-25 20:38:21,552 | WARNING | Retrying in 4s [Retry 3/5].
'(MaxRetryError('HTTPSConnectionPool(host=\'huggingface.co\', port=443): Max retries exceeded with url: /cross-encoder/ms-marco-MiniLM-L-6-v2/resolve/main/tokenizer_config.json (Caused by NameResolutionError("HTTPSConnection(host=\'huggingface.co\', port=443): Failed to resolve \'huggingface.co\' ([Errno 8] nodename nor servname provided, or not known)"))'), '(Request ID: 8b7d1374-c399-4734-a8f3-53aec512d6ab)')' thrown while requesting HEAD https://huggingface.co/cross-encoder/ms-marco-MiniLM-L-6-v2/resolve/main/tokenizer_config.json
'(MaxRetryError('HTTPSConnectionPool(host=\'huggingface.co\', port=443): Max retries exceeded with url: /cross-encoder/ms-marco-MiniLM-L-6-v2/resolve/main/tokenizer_config.json (Caused by NameResolutionError("HTTPSConnection(host=\'huggingface.co\', port=443): Failed to resolve \'huggingface.co\' ([Errno 8] nodename nor servname provided, or not known)"))'), '(Request ID: e9400102-d0b2-4423-a35d-53610964fc7f)')' thrown while requesting HEAD https://huggingface.co/cross-encoder/ms-marco-MiniLM-L-6-v2/resolve/main/tokenizer_config.json
2026-01-25 20:38:25,565 | WARNING | '(MaxRetryError('HTTPSConnectionPool(host=\'huggingface.co\', port=443): Max retries exceeded with url: /cross-encoder/ms-marco-MiniLM-L-6-v2/resolve/main/tokenizer_config.json (Caused by NameResolutionError("HTTPSConnection(host=\'huggingface.co\', port=443): Failed to resolve \'huggingface.co\' ([Errno 8] nodename nor servname provided, or not known)"))'), '(Request ID: e9400102-d0b2-4423-a35d-53610964fc7f)')' thrown while requesting HEAD https://huggingface.co/cross-encoder/ms-marco-MiniLM-L-6-v2/resolve/main/tokenizer_config.json
Retrying in 8s [Retry 4/5].
2026-01-25 20:38:25,564 | WARNING | '(MaxRetryError('HTTPSConnectionPool(host=\'huggingface.co\', port=443): Max retries exceeded with url: /cross-encoder/ms-marco-MiniLM-L-6-v2/resolve/main/tokenizer_config.json (Caused by NameResolutionError("HTTPSConnection(host=\'huggingface.co\', port=443): Failed to resolve \'huggingface.co\' ([Errno 8] nodename nor servname provided, or not known)"))'), '(Request ID: 8b7d1374-c399-4734-a8f3-53aec512d6ab)')' thrown while requesting HEAD https://huggingface.co/cross-encoder/ms-marco-MiniLM-L-6-v2/resolve/main/tokenizer_config.json
Retrying in 8s [Retry 4/5].
2026-01-25 20:38:25,577 | WARNING | Retrying in 8s [Retry 4/5].
2026-01-25 20:38:25,578 | WARNING | Retrying in 8s [Retry 4/5].
'(MaxRetryError('HTTPSConnectionPool(host=\'huggingface.co\', port=443): Max retries exceeded with url: /cross-encoder/ms-marco-MiniLM-L-6-v2/resolve/main/tokenizer_config.json (Caused by NameResolutionError("HTTPSConnection(host=\'huggingface.co\', port=443): Failed to resolve \'huggingface.co\' ([Errno 8] nodename nor servname provided, or not known)"))'), '(Request ID: e09f4798-0b1d-4acd-871d-ae51f36d71de)')' thrown while requesting HEAD https://huggingface.co/cross-encoder/ms-marco-MiniLM-L-6-v2/resolve/main/tokenizer_config.json
2026-01-25 20:38:33,585 | WARNING | '(MaxRetryError('HTTPSConnectionPool(host=\'huggingface.co\', port=443): Max retries exceeded with url: /cross-encoder/ms-marco-MiniLM-L-6-v2/resolve/main/tokenizer_config.json (Caused by NameResolutionError("HTTPSConnection(host=\'huggingface.co\', port=443): Failed to resolve \'huggingface.co\' ([Errno 8] nodename nor servname provided, or not known)"))'), '(Request ID: e09f4798-0b1d-4acd-871d-ae51f36d71de)')' thrown while requesting HEAD https://huggingface.co/cross-encoder/ms-marco-MiniLM-L-6-v2/resolve/main/tokenizer_config.json
Retrying in 8s [Retry 5/5].
2026-01-25 20:38:33,586 | WARNING | Retrying in 8s [Retry 5/5].
'(MaxRetryError('HTTPSConnectionPool(host=\'huggingface.co\', port=443): Max retries exceeded with url: /cross-encoder/ms-marco-MiniLM-L-6-v2/resolve/main/tokenizer_config.json (Caused by NameResolutionError("HTTPSConnection(host=\'huggingface.co\', port=443): Failed to resolve \'huggingface.co\' ([Errno 8] nodename nor servname provided, or not known)"))'), '(Request ID: 7f6a9307-c3e1-4063-a021-d8c3aba6b6d5)')' thrown while requesting HEAD https://huggingface.co/cross-encoder/ms-marco-MiniLM-L-6-v2/resolve/main/tokenizer_config.json
2026-01-25 20:38:33,592 | WARNING | '(MaxRetryError('HTTPSConnectionPool(host=\'huggingface.co\', port=443): Max retries exceeded with url: /cross-encoder/ms-marco-MiniLM-L-6-v2/resolve/main/tokenizer_config.json (Caused by NameResolutionError("HTTPSConnection(host=\'huggingface.co\', port=443): Failed to resolve \'huggingface.co\' ([Errno 8] nodename nor servname provided, or not known)"))'), '(Request ID: 7f6a9307-c3e1-4063-a021-d8c3aba6b6d5)')' thrown while requesting HEAD https://huggingface.co/cross-encoder/ms-marco-MiniLM-L-6-v2/resolve/main/tokenizer_config.json
Retrying in 8s [Retry 5/5].
2026-01-25 20:38:33,594 | WARNING | Retrying in 8s [Retry 5/5].
'(MaxRetryError('HTTPSConnectionPool(host=\'huggingface.co\', port=443): Max retries exceeded with url: /cross-encoder/ms-marco-MiniLM-L-6-v2/resolve/main/tokenizer_config.json (Caused by NameResolutionError("HTTPSConnection(host=\'huggingface.co\', port=443): Failed to resolve \'huggingface.co\' ([Errno 8] nodename nor servname provided, or not known)"))'), '(Request ID: 8dfce387-251c-4c0d-b277-7ce63d333ae2)')' thrown while requesting HEAD https://huggingface.co/cross-encoder/ms-marco-MiniLM-L-6-v2/resolve/main/tokenizer_config.json
2026-01-25 20:38:41,595 | WARNING | '(MaxRetryError('HTTPSConnectionPool(host=\'huggingface.co\', port=443): Max retries exceeded with url: /cross-encoder/ms-marco-MiniLM-L-6-v2/resolve/main/tokenizer_config.json (Caused by NameResolutionError("HTTPSConnection(host=\'huggingface.co\', port=443): Failed to resolve \'huggingface.co\' ([Errno 8] nodename nor servname provided, or not known)"))'), '(Request ID: 8dfce387-251c-4c0d-b277-7ce63d333ae2)')' thrown while requesting HEAD https://huggingface.co/cross-encoder/ms-marco-MiniLM-L-6-v2/resolve/main/tokenizer_config.json
'(MaxRetryError('HTTPSConnectionPool(host=\'huggingface.co\', port=443): Max retries exceeded with url: /cross-encoder/ms-marco-MiniLM-L-6-v2/resolve/main/tokenizer_config.json (Caused by NameResolutionError("HTTPSConnection(host=\'huggingface.co\', port=443): Failed to resolve \'huggingface.co\' ([Errno 8] nodename nor servname provided, or not known)"))'), '(Request ID: 1e6461f0-91c7-47c1-8420-eb68533c5f72)')' thrown while requesting HEAD https://huggingface.co/cross-encoder/ms-marco-MiniLM-L-6-v2/resolve/main/tokenizer_config.json
2026-01-25 20:38:41,598 | WARNING | '(MaxRetryError('HTTPSConnectionPool(host=\'huggingface.co\', port=443): Max retries exceeded with url: /cross-encoder/ms-marco-MiniLM-L-6-v2/resolve/main/tokenizer_config.json (Caused by NameResolutionError("HTTPSConnection(host=\'huggingface.co\', port=443): Failed to resolve \'huggingface.co\' ([Errno 8] nodename nor servname provided, or not known)"))'), '(Request ID: 1e6461f0-91c7-47c1-8420-eb68533c5f72)')' thrown while requesting HEAD https://huggingface.co/cross-encoder/ms-marco-MiniLM-L-6-v2/resolve/main/tokenizer_config.json
2026-01-25 20:38:41,634 | INFO | Tokenizer loaded: cross-encoder/ms-marco-MiniLM-L-6-v2
2026-01-25 20:38:41,634 | INFO | Tokenizer loaded: cross-encoder/ms-marco-MiniLM-L-6-v2
2026-01-25 20:38:41,637 | INFO | Tokenizer worker 0 loaded: cross-encoder/ms-marco-MiniLM-L-6-v2
2026-01-25 20:38:41,637 | INFO | Tokenizer worker 1 loaded: cross-encoder/ms-marco-MiniLM-L-6-v2
[2026-01-25 20:38:41,647][src.server.pool.tokenizer_pool][INFO] - Tokenizer pool ready with 2 workers (MP)
[2026-01-25 20:38:41,653][src.server.pipeline.queue_based][INFO] - Starting inference pool with 2 instances...
[2026-01-25 20:38:41,666][src.server.pool.model_pool][INFO] - Waiting for worker 0 to initialize (timeout: 60.0s)...
2026-01-25 20:38:47,616 | WARNING | MPS not available, falling back to CPU
2026-01-25 20:38:47,616 | WARNING | MPS not available, falling back to CPU
2026-01-25 20:38:47,617 | INFO | Loading cross-encoder/ms-marco-MiniLM-L-6-v2 on cpu (fp16)
2026-01-25 20:38:47,617 | INFO | Loading cross-encoder/ms-marco-MiniLM-L-6-v2 on cpu (fp16)
'(MaxRetryError('HTTPSConnectionPool(host=\'huggingface.co\', port=443): Max retries exceeded with url: /cross-encoder/ms-marco-MiniLM-L-6-v2/resolve/main/config.json (Caused by NameResolutionError("HTTPSConnection(host=\'huggingface.co\', port=443): Failed to resolve \'huggingface.co\' ([Errno 8] nodename nor servname provided, or not known)"))'), '(Request ID: 7812914e-dc43-4dae-a0ec-9857986a0fb4)')' thrown while requesting HEAD https://huggingface.co/cross-encoder/ms-marco-MiniLM-L-6-v2/resolve/main/config.json
'(MaxRetryError('HTTPSConnectionPool(host=\'huggingface.co\', port=443): Max retries exceeded with url: /cross-encoder/ms-marco-MiniLM-L-6-v2/resolve/main/config.json (Caused by NameResolutionError("HTTPSConnection(host=\'huggingface.co\', port=443): Failed to resolve \'huggingface.co\' ([Errno 8] nodename nor servname provided, or not known)"))'), '(Request ID: 1060f748-d94f-4669-a03d-315d0e0398e9)')' thrown while requesting HEAD https://huggingface.co/cross-encoder/ms-marco-MiniLM-L-6-v2/resolve/main/config.json
2026-01-25 20:38:47,628 | WARNING | '(MaxRetryError('HTTPSConnectionPool(host=\'huggingface.co\', port=443): Max retries exceeded with url: /cross-encoder/ms-marco-MiniLM-L-6-v2/resolve/main/config.json (Caused by NameResolutionError("HTTPSConnection(host=\'huggingface.co\', port=443): Failed to resolve \'huggingface.co\' ([Errno 8] nodename nor servname provided, or not known)"))'), '(Request ID: 7812914e-dc43-4dae-a0ec-9857986a0fb4)')' thrown while requesting HEAD https://huggingface.co/cross-encoder/ms-marco-MiniLM-L-6-v2/resolve/main/config.json
Retrying in 1s [Retry 1/5].
2026-01-25 20:38:47,628 | WARNING | '(MaxRetryError('HTTPSConnectionPool(host=\'huggingface.co\', port=443): Max retries exceeded with url: /cross-encoder/ms-marco-MiniLM-L-6-v2/resolve/main/config.json (Caused by NameResolutionError("HTTPSConnection(host=\'huggingface.co\', port=443): Failed to resolve \'huggingface.co\' ([Errno 8] nodename nor servname provided, or not known)"))'), '(Request ID: 1060f748-d94f-4669-a03d-315d0e0398e9)')' thrown while requesting HEAD https://huggingface.co/cross-encoder/ms-marco-MiniLM-L-6-v2/resolve/main/config.json
Retrying in 1s [Retry 1/5].
2026-01-25 20:38:47,629 | WARNING | Retrying in 1s [Retry 1/5].
2026-01-25 20:38:47,630 | WARNING | Retrying in 1s [Retry 1/5].
'(MaxRetryError('HTTPSConnectionPool(host=\'huggingface.co\', port=443): Max retries exceeded with url: /cross-encoder/ms-marco-MiniLM-L-6-v2/resolve/main/config.json (Caused by NameResolutionError("HTTPSConnection(host=\'huggingface.co\', port=443): Failed to resolve \'huggingface.co\' ([Errno 8] nodename nor servname provided, or not known)"))'), '(Request ID: af8f094e-093a-4d09-8b73-71e718e6194b)')' thrown while requesting HEAD https://huggingface.co/cross-encoder/ms-marco-MiniLM-L-6-v2/resolve/main/config.json
'(MaxRetryError('HTTPSConnectionPool(host=\'huggingface.co\', port=443): Max retries exceeded with url: /cross-encoder/ms-marco-MiniLM-L-6-v2/resolve/main/config.json (Caused by NameResolutionError("HTTPSConnection(host=\'huggingface.co\', port=443): Failed to resolve \'huggingface.co\' ([Errno 8] nodename nor servname provided, or not known)"))'), '(Request ID: 3520f73b-e5ba-4a0a-a94a-ebad0e0270aa)')' thrown while requesting HEAD https://huggingface.co/cross-encoder/ms-marco-MiniLM-L-6-v2/resolve/main/config.json
2026-01-25 20:38:48,634 | WARNING | '(MaxRetryError('HTTPSConnectionPool(host=\'huggingface.co\', port=443): Max retries exceeded with url: /cross-encoder/ms-marco-MiniLM-L-6-v2/resolve/main/config.json (Caused by NameResolutionError("HTTPSConnection(host=\'huggingface.co\', port=443): Failed to resolve \'huggingface.co\' ([Errno 8] nodename nor servname provided, or not known)"))'), '(Request ID: af8f094e-093a-4d09-8b73-71e718e6194b)')' thrown while requesting HEAD https://huggingface.co/cross-encoder/ms-marco-MiniLM-L-6-v2/resolve/main/config.json
Retrying in 2s [Retry 2/5].
2026-01-25 20:38:48,634 | WARNING | '(MaxRetryError('HTTPSConnectionPool(host=\'huggingface.co\', port=443): Max retries exceeded with url: /cross-encoder/ms-marco-MiniLM-L-6-v2/resolve/main/config.json (Caused by NameResolutionError("HTTPSConnection(host=\'huggingface.co\', port=443): Failed to resolve \'huggingface.co\' ([Errno 8] nodename nor servname provided, or not known)"))'), '(Request ID: 3520f73b-e5ba-4a0a-a94a-ebad0e0270aa)')' thrown while requesting HEAD https://huggingface.co/cross-encoder/ms-marco-MiniLM-L-6-v2/resolve/main/config.json
Retrying in 2s [Retry 2/5].
2026-01-25 20:38:48,636 | WARNING | Retrying in 2s [Retry 2/5].
2026-01-25 20:38:48,636 | WARNING | Retrying in 2s [Retry 2/5].
'(MaxRetryError('HTTPSConnectionPool(host=\'huggingface.co\', port=443): Max retries exceeded with url: /cross-encoder/ms-marco-MiniLM-L-6-v2/resolve/main/config.json (Caused by NameResolutionError("HTTPSConnection(host=\'huggingface.co\', port=443): Failed to resolve \'huggingface.co\' ([Errno 8] nodename nor servname provided, or not known)"))'), '(Request ID: e2f6e08d-5d93-486d-b476-cae3c3b8853c)')' thrown while requesting HEAD https://huggingface.co/cross-encoder/ms-marco-MiniLM-L-6-v2/resolve/main/config.json
'(MaxRetryError('HTTPSConnectionPool(host=\'huggingface.co\', port=443): Max retries exceeded with url: /cross-encoder/ms-marco-MiniLM-L-6-v2/resolve/main/config.json (Caused by NameResolutionError("HTTPSConnection(host=\'huggingface.co\', port=443): Failed to resolve \'huggingface.co\' ([Errno 8] nodename nor servname provided, or not known)"))'), '(Request ID: cb12bdf4-7376-4aca-850e-7a09bbf46701)')' thrown while requesting HEAD https://huggingface.co/cross-encoder/ms-marco-MiniLM-L-6-v2/resolve/main/config.json
2026-01-25 20:38:50,650 | WARNING | '(MaxRetryError('HTTPSConnectionPool(host=\'huggingface.co\', port=443): Max retries exceeded with url: /cross-encoder/ms-marco-MiniLM-L-6-v2/resolve/main/config.json (Caused by NameResolutionError("HTTPSConnection(host=\'huggingface.co\', port=443): Failed to resolve \'huggingface.co\' ([Errno 8] nodename nor servname provided, or not known)"))'), '(Request ID: e2f6e08d-5d93-486d-b476-cae3c3b8853c)')' thrown while requesting HEAD https://huggingface.co/cross-encoder/ms-marco-MiniLM-L-6-v2/resolve/main/config.json
Retrying in 4s [Retry 3/5].
2026-01-25 20:38:50,654 | WARNING | '(MaxRetryError('HTTPSConnectionPool(host=\'huggingface.co\', port=443): Max retries exceeded with url: /cross-encoder/ms-marco-MiniLM-L-6-v2/resolve/main/config.json (Caused by NameResolutionError("HTTPSConnection(host=\'huggingface.co\', port=443): Failed to resolve \'huggingface.co\' ([Errno 8] nodename nor servname provided, or not known)"))'), '(Request ID: cb12bdf4-7376-4aca-850e-7a09bbf46701)')' thrown while requesting HEAD https://huggingface.co/cross-encoder/ms-marco-MiniLM-L-6-v2/resolve/main/config.json
Retrying in 4s [Retry 3/5].
2026-01-25 20:38:50,654 | WARNING | Retrying in 4s [Retry 3/5].
2026-01-25 20:38:50,656 | WARNING | Retrying in 4s [Retry 3/5].
'(MaxRetryError('HTTPSConnectionPool(host=\'huggingface.co\', port=443): Max retries exceeded with url: /cross-encoder/ms-marco-MiniLM-L-6-v2/resolve/main/config.json (Caused by NameResolutionError("HTTPSConnection(host=\'huggingface.co\', port=443): Failed to resolve \'huggingface.co\' ([Errno 8] nodename nor servname provided, or not known)"))'), '(Request ID: 90bc50cc-2314-469f-a63a-b5be2de878c0)')' thrown while requesting HEAD https://huggingface.co/cross-encoder/ms-marco-MiniLM-L-6-v2/resolve/main/config.json
'(MaxRetryError('HTTPSConnectionPool(host=\'huggingface.co\', port=443): Max retries exceeded with url: /cross-encoder/ms-marco-MiniLM-L-6-v2/resolve/main/config.json (Caused by NameResolutionError("HTTPSConnection(host=\'huggingface.co\', port=443): Failed to resolve \'huggingface.co\' ([Errno 8] nodename nor servname provided, or not known)"))'), '(Request ID: bcfc183e-dad4-4d81-8225-49ffd9a9677d)')' thrown while requesting HEAD https://huggingface.co/cross-encoder/ms-marco-MiniLM-L-6-v2/resolve/main/config.json
2026-01-25 20:38:54,662 | WARNING | '(MaxRetryError('HTTPSConnectionPool(host=\'huggingface.co\', port=443): Max retries exceeded with url: /cross-encoder/ms-marco-MiniLM-L-6-v2/resolve/main/config.json (Caused by NameResolutionError("HTTPSConnection(host=\'huggingface.co\', port=443): Failed to resolve \'huggingface.co\' ([Errno 8] nodename nor servname provided, or not known)"))'), '(Request ID: 90bc50cc-2314-469f-a63a-b5be2de878c0)')' thrown while requesting HEAD https://huggingface.co/cross-encoder/ms-marco-MiniLM-L-6-v2/resolve/main/config.json
Retrying in 8s [Retry 4/5].
2026-01-25 20:38:54,662 | WARNING | '(MaxRetryError('HTTPSConnectionPool(host=\'huggingface.co\', port=443): Max retries exceeded with url: /cross-encoder/ms-marco-MiniLM-L-6-v2/resolve/main/config.json (Caused by NameResolutionError("HTTPSConnection(host=\'huggingface.co\', port=443): Failed to resolve \'huggingface.co\' ([Errno 8] nodename nor servname provided, or not known)"))'), '(Request ID: bcfc183e-dad4-4d81-8225-49ffd9a9677d)')' thrown while requesting HEAD https://huggingface.co/cross-encoder/ms-marco-MiniLM-L-6-v2/resolve/main/config.json
Retrying in 8s [Retry 4/5].
2026-01-25 20:38:54,664 | WARNING | Retrying in 8s [Retry 4/5].
2026-01-25 20:38:54,664 | WARNING | Retrying in 8s [Retry 4/5].
'(MaxRetryError('HTTPSConnectionPool(host=\'huggingface.co\', port=443): Max retries exceeded with url: /cross-encoder/ms-marco-MiniLM-L-6-v2/resolve/main/config.json (Caused by NameResolutionError("HTTPSConnection(host=\'huggingface.co\', port=443): Failed to resolve \'huggingface.co\' ([Errno 8] nodename nor servname provided, or not known)"))'), '(Request ID: 86113616-6f09-4a02-86bc-1ca9e1ebc4de)')' thrown while requesting HEAD https://huggingface.co/cross-encoder/ms-marco-MiniLM-L-6-v2/resolve/main/config.json
'(MaxRetryError('HTTPSConnectionPool(host=\'huggingface.co\', port=443): Max retries exceeded with url: /cross-encoder/ms-marco-MiniLM-L-6-v2/resolve/main/config.json (Caused by NameResolutionError("HTTPSConnection(host=\'huggingface.co\', port=443): Failed to resolve \'huggingface.co\' ([Errno 8] nodename nor servname provided, or not known)"))'), '(Request ID: 9f333686-fc29-4938-98a2-be1921013ea9)')' thrown while requesting HEAD https://huggingface.co/cross-encoder/ms-marco-MiniLM-L-6-v2/resolve/main/config.json
2026-01-25 20:39:02,670 | WARNING | '(MaxRetryError('HTTPSConnectionPool(host=\'huggingface.co\', port=443): Max retries exceeded with url: /cross-encoder/ms-marco-MiniLM-L-6-v2/resolve/main/config.json (Caused by NameResolutionError("HTTPSConnection(host=\'huggingface.co\', port=443): Failed to resolve \'huggingface.co\' ([Errno 8] nodename nor servname provided, or not known)"))'), '(Request ID: 86113616-6f09-4a02-86bc-1ca9e1ebc4de)')' thrown while requesting HEAD https://huggingface.co/cross-encoder/ms-marco-MiniLM-L-6-v2/resolve/main/config.json
2026-01-25 20:39:02,671 | WARNING | '(MaxRetryError('HTTPSConnectionPool(host=\'huggingface.co\', port=443): Max retries exceeded with url: /cross-encoder/ms-marco-MiniLM-L-6-v2/resolve/main/config.json (Caused by NameResolutionError("HTTPSConnection(host=\'huggingface.co\', port=443): Failed to resolve \'huggingface.co\' ([Errno 8] nodename nor servname provided, or not known)"))'), '(Request ID: 9f333686-fc29-4938-98a2-be1921013ea9)')' thrown while requesting HEAD https://huggingface.co/cross-encoder/ms-marco-MiniLM-L-6-v2/resolve/main/config.json
Retrying in 8s [Retry 5/5].
Retrying in 8s [Retry 5/5].
2026-01-25 20:39:02,675 | WARNING | Retrying in 8s [Retry 5/5].
2026-01-25 20:39:02,675 | WARNING | Retrying in 8s [Retry 5/5].
'(MaxRetryError('HTTPSConnectionPool(host=\'huggingface.co\', port=443): Max retries exceeded with url: /cross-encoder/ms-marco-MiniLM-L-6-v2/resolve/main/config.json (Caused by NameResolutionError("HTTPSConnection(host=\'huggingface.co\', port=443): Failed to resolve \'huggingface.co\' ([Errno 8] nodename nor servname provided, or not known)"))'), '(Request ID: 7349c882-ee6e-4935-85cc-0df51cfb5262)')' thrown while requesting HEAD https://huggingface.co/cross-encoder/ms-marco-MiniLM-L-6-v2/resolve/main/config.json
'(MaxRetryError('HTTPSConnectionPool(host=\'huggingface.co\', port=443): Max retries exceeded with url: /cross-encoder/ms-marco-MiniLM-L-6-v2/resolve/main/config.json (Caused by NameResolutionError("HTTPSConnection(host=\'huggingface.co\', port=443): Failed to resolve \'huggingface.co\' ([Errno 8] nodename nor servname provided, or not known)"))'), '(Request ID: 47f164d3-b622-40a7-9ae0-ec0172a78400)')' thrown while requesting HEAD https://huggingface.co/cross-encoder/ms-marco-MiniLM-L-6-v2/resolve/main/config.json
2026-01-25 20:39:10,679 | WARNING | '(MaxRetryError('HTTPSConnectionPool(host=\'huggingface.co\', port=443): Max retries exceeded with url: /cross-encoder/ms-marco-MiniLM-L-6-v2/resolve/main/config.json (Caused by NameResolutionError("HTTPSConnection(host=\'huggingface.co\', port=443): Failed to resolve \'huggingface.co\' ([Errno 8] nodename nor servname provided, or not known)"))'), '(Request ID: 7349c882-ee6e-4935-85cc-0df51cfb5262)')' thrown while requesting HEAD https://huggingface.co/cross-encoder/ms-marco-MiniLM-L-6-v2/resolve/main/config.json
2026-01-25 20:39:10,679 | WARNING | '(MaxRetryError('HTTPSConnectionPool(host=\'huggingface.co\', port=443): Max retries exceeded with url: /cross-encoder/ms-marco-MiniLM-L-6-v2/resolve/main/config.json (Caused by NameResolutionError("HTTPSConnection(host=\'huggingface.co\', port=443): Failed to resolve \'huggingface.co\' ([Errno 8] nodename nor servname provided, or not known)"))'), '(Request ID: 47f164d3-b622-40a7-9ae0-ec0172a78400)')' thrown while requesting HEAD https://huggingface.co/cross-encoder/ms-marco-MiniLM-L-6-v2/resolve/main/config.json
'(MaxRetryError('HTTPSConnectionPool(host=\'huggingface.co\', port=443): Max retries exceeded with url: /cross-encoder/ms-marco-MiniLM-L-6-v2/resolve/main/tokenizer_config.json (Caused by NameResolutionError("HTTPSConnection(host=\'huggingface.co\', port=443): Failed to resolve \'huggingface.co\' ([Errno 8] nodename nor servname provided, or not known)"))'), '(Request ID: 28e7e57c-65d4-4f8c-afba-ab9d3bbf4cd2)')' thrown while requesting HEAD https://huggingface.co/cross-encoder/ms-marco-MiniLM-L-6-v2/resolve/main/tokenizer_config.json
'(MaxRetryError('HTTPSConnectionPool(host=\'huggingface.co\', port=443): Max retries exceeded with url: /cross-encoder/ms-marco-MiniLM-L-6-v2/resolve/main/tokenizer_config.json (Caused by NameResolutionError("HTTPSConnection(host=\'huggingface.co\', port=443): Failed to resolve \'huggingface.co\' ([Errno 8] nodename nor servname provided, or not known)"))'), '(Request ID: 61d0cab6-0942-4fc1-a002-cd6869b92dd5)')' thrown while requesting HEAD https://huggingface.co/cross-encoder/ms-marco-MiniLM-L-6-v2/resolve/main/tokenizer_config.json
2026-01-25 20:39:10,740 | WARNING | '(MaxRetryError('HTTPSConnectionPool(host=\'huggingface.co\', port=443): Max retries exceeded with url: /cross-encoder/ms-marco-MiniLM-L-6-v2/resolve/main/tokenizer_config.json (Caused by NameResolutionError("HTTPSConnection(host=\'huggingface.co\', port=443): Failed to resolve \'huggingface.co\' ([Errno 8] nodename nor servname provided, or not known)"))'), '(Request ID: 28e7e57c-65d4-4f8c-afba-ab9d3bbf4cd2)')' thrown while requesting HEAD https://huggingface.co/cross-encoder/ms-marco-MiniLM-L-6-v2/resolve/main/tokenizer_config.json
Retrying in 1s [Retry 1/5].
2026-01-25 20:39:10,740 | WARNING | '(MaxRetryError('HTTPSConnectionPool(host=\'huggingface.co\', port=443): Max retries exceeded with url: /cross-encoder/ms-marco-MiniLM-L-6-v2/resolve/main/tokenizer_config.json (Caused by NameResolutionError("HTTPSConnection(host=\'huggingface.co\', port=443): Failed to resolve \'huggingface.co\' ([Errno 8] nodename nor servname provided, or not known)"))'), '(Request ID: 61d0cab6-0942-4fc1-a002-cd6869b92dd5)')' thrown while requesting HEAD https://huggingface.co/cross-encoder/ms-marco-MiniLM-L-6-v2/resolve/main/tokenizer_config.json
Retrying in 1s [Retry 1/5].
2026-01-25 20:39:10,741 | WARNING | Retrying in 1s [Retry 1/5].
2026-01-25 20:39:10,742 | WARNING | Retrying in 1s [Retry 1/5].
'(MaxRetryError('HTTPSConnectionPool(host=\'huggingface.co\', port=443): Max retries exceeded with url: /cross-encoder/ms-marco-MiniLM-L-6-v2/resolve/main/tokenizer_config.json (Caused by NameResolutionError("HTTPSConnection(host=\'huggingface.co\', port=443): Failed to resolve \'huggingface.co\' ([Errno 8] nodename nor servname provided, or not known)"))'), '(Request ID: 97962811-a3b0-4e99-b8e9-2fe6e30a3577)')' thrown while requesting HEAD https://huggingface.co/cross-encoder/ms-marco-MiniLM-L-6-v2/resolve/main/tokenizer_config.json
'(MaxRetryError('HTTPSConnectionPool(host=\'huggingface.co\', port=443): Max retries exceeded with url: /cross-encoder/ms-marco-MiniLM-L-6-v2/resolve/main/tokenizer_config.json (Caused by NameResolutionError("HTTPSConnection(host=\'huggingface.co\', port=443): Failed to resolve \'huggingface.co\' ([Errno 8] nodename nor servname provided, or not known)"))'), '(Request ID: 40b556f3-0dc3-455c-acb5-c5360d02ff9a)')' thrown while requesting HEAD https://huggingface.co/cross-encoder/ms-marco-MiniLM-L-6-v2/resolve/main/tokenizer_config.json
2026-01-25 20:39:11,746 | WARNING | '(MaxRetryError('HTTPSConnectionPool(host=\'huggingface.co\', port=443): Max retries exceeded with url: /cross-encoder/ms-marco-MiniLM-L-6-v2/resolve/main/tokenizer_config.json (Caused by NameResolutionError("HTTPSConnection(host=\'huggingface.co\', port=443): Failed to resolve \'huggingface.co\' ([Errno 8] nodename nor servname provided, or not known)"))'), '(Request ID: 97962811-a3b0-4e99-b8e9-2fe6e30a3577)')' thrown while requesting HEAD https://huggingface.co/cross-encoder/ms-marco-MiniLM-L-6-v2/resolve/main/tokenizer_config.json
Retrying in 2s [Retry 2/5].
2026-01-25 20:39:11,746 | WARNING | '(MaxRetryError('HTTPSConnectionPool(host=\'huggingface.co\', port=443): Max retries exceeded with url: /cross-encoder/ms-marco-MiniLM-L-6-v2/resolve/main/tokenizer_config.json (Caused by NameResolutionError("HTTPSConnection(host=\'huggingface.co\', port=443): Failed to resolve \'huggingface.co\' ([Errno 8] nodename nor servname provided, or not known)"))'), '(Request ID: 40b556f3-0dc3-455c-acb5-c5360d02ff9a)')' thrown while requesting HEAD https://huggingface.co/cross-encoder/ms-marco-MiniLM-L-6-v2/resolve/main/tokenizer_config.json
Retrying in 2s [Retry 2/5].
2026-01-25 20:39:11,750 | WARNING | Retrying in 2s [Retry 2/5].
2026-01-25 20:39:11,750 | WARNING | Retrying in 2s [Retry 2/5].
'(MaxRetryError('HTTPSConnectionPool(host=\'huggingface.co\', port=443): Max retries exceeded with url: /cross-encoder/ms-marco-MiniLM-L-6-v2/resolve/main/tokenizer_config.json (Caused by NameResolutionError("HTTPSConnection(host=\'huggingface.co\', port=443): Failed to resolve \'huggingface.co\' ([Errno 8] nodename nor servname provided, or not known)"))'), '(Request ID: 63e97f3c-84eb-4b41-b28a-b52b61f98b7b)')' thrown while requesting HEAD https://huggingface.co/cross-encoder/ms-marco-MiniLM-L-6-v2/resolve/main/tokenizer_config.json
'(MaxRetryError('HTTPSConnectionPool(host=\'huggingface.co\', port=443): Max retries exceeded with url: /cross-encoder/ms-marco-MiniLM-L-6-v2/resolve/main/tokenizer_config.json (Caused by NameResolutionError("HTTPSConnection(host=\'huggingface.co\', port=443): Failed to resolve \'huggingface.co\' ([Errno 8] nodename nor servname provided, or not known)"))'), '(Request ID: a689e9c3-fc4e-4cb7-a780-a240c40cedff)')' thrown while requesting HEAD https://huggingface.co/cross-encoder/ms-marco-MiniLM-L-6-v2/resolve/main/tokenizer_config.json
2026-01-25 20:39:13,758 | WARNING | '(MaxRetryError('HTTPSConnectionPool(host=\'huggingface.co\', port=443): Max retries exceeded with url: /cross-encoder/ms-marco-MiniLM-L-6-v2/resolve/main/tokenizer_config.json (Caused by NameResolutionError("HTTPSConnection(host=\'huggingface.co\', port=443): Failed to resolve \'huggingface.co\' ([Errno 8] nodename nor servname provided, or not known)"))'), '(Request ID: 63e97f3c-84eb-4b41-b28a-b52b61f98b7b)')' thrown while requesting HEAD https://huggingface.co/cross-encoder/ms-marco-MiniLM-L-6-v2/resolve/main/tokenizer_config.json
Retrying in 4s [Retry 3/5].
2026-01-25 20:39:13,758 | WARNING | '(MaxRetryError('HTTPSConnectionPool(host=\'huggingface.co\', port=443): Max retries exceeded with url: /cross-encoder/ms-marco-MiniLM-L-6-v2/resolve/main/tokenizer_config.json (Caused by NameResolutionError("HTTPSConnection(host=\'huggingface.co\', port=443): Failed to resolve \'huggingface.co\' ([Errno 8] nodename nor servname provided, or not known)"))'), '(Request ID: a689e9c3-fc4e-4cb7-a780-a240c40cedff)')' thrown while requesting HEAD https://huggingface.co/cross-encoder/ms-marco-MiniLM-L-6-v2/resolve/main/tokenizer_config.json
2026-01-25 20:39:13,760 | WARNING | Retrying in 4s [Retry 3/5].
Retrying in 4s [Retry 3/5].
2026-01-25 20:39:13,763 | WARNING | Retrying in 4s [Retry 3/5].
'(MaxRetryError('HTTPSConnectionPool(host=\'huggingface.co\', port=443): Max retries exceeded with url: /cross-encoder/ms-marco-MiniLM-L-6-v2/resolve/main/tokenizer_config.json (Caused by NameResolutionError("HTTPSConnection(host=\'huggingface.co\', port=443): Failed to resolve \'huggingface.co\' ([Errno 8] nodename nor servname provided, or not known)"))'), '(Request ID: 21d7cea0-eafb-478a-aa26-4d8984ba1ef2)')' thrown while requesting HEAD https://huggingface.co/cross-encoder/ms-marco-MiniLM-L-6-v2/resolve/main/tokenizer_config.json
'(MaxRetryError('HTTPSConnectionPool(host=\'huggingface.co\', port=443): Max retries exceeded with url: /cross-encoder/ms-marco-MiniLM-L-6-v2/resolve/main/tokenizer_config.json (Caused by NameResolutionError("HTTPSConnection(host=\'huggingface.co\', port=443): Failed to resolve \'huggingface.co\' ([Errno 8] nodename nor servname provided, or not known)"))'), '(Request ID: bbd53cc5-3082-414a-acee-2be4d7974328)')' thrown while requesting HEAD https://huggingface.co/cross-encoder/ms-marco-MiniLM-L-6-v2/resolve/main/tokenizer_config.json
2026-01-25 20:39:17,770 | WARNING | '(MaxRetryError('HTTPSConnectionPool(host=\'huggingface.co\', port=443): Max retries exceeded with url: /cross-encoder/ms-marco-MiniLM-L-6-v2/resolve/main/tokenizer_config.json (Caused by NameResolutionError("HTTPSConnection(host=\'huggingface.co\', port=443): Failed to resolve \'huggingface.co\' ([Errno 8] nodename nor servname provided, or not known)"))'), '(Request ID: 21d7cea0-eafb-478a-aa26-4d8984ba1ef2)')' thrown while requesting HEAD https://huggingface.co/cross-encoder/ms-marco-MiniLM-L-6-v2/resolve/main/tokenizer_config.json
Retrying in 8s [Retry 4/5].
2026-01-25 20:39:17,770 | WARNING | '(MaxRetryError('HTTPSConnectionPool(host=\'huggingface.co\', port=443): Max retries exceeded with url: /cross-encoder/ms-marco-MiniLM-L-6-v2/resolve/main/tokenizer_config.json (Caused by NameResolutionError("HTTPSConnection(host=\'huggingface.co\', port=443): Failed to resolve \'huggingface.co\' ([Errno 8] nodename nor servname provided, or not known)"))'), '(Request ID: bbd53cc5-3082-414a-acee-2be4d7974328)')' thrown while requesting HEAD https://huggingface.co/cross-encoder/ms-marco-MiniLM-L-6-v2/resolve/main/tokenizer_config.json
Retrying in 8s [Retry 4/5].
2026-01-25 20:39:17,771 | WARNING | Retrying in 8s [Retry 4/5].
2026-01-25 20:39:17,772 | WARNING | Retrying in 8s [Retry 4/5].
'(MaxRetryError('HTTPSConnectionPool(host=\'huggingface.co\', port=443): Max retries exceeded with url: /cross-encoder/ms-marco-MiniLM-L-6-v2/resolve/main/tokenizer_config.json (Caused by NameResolutionError("HTTPSConnection(host=\'huggingface.co\', port=443): Failed to resolve \'huggingface.co\' ([Errno 8] nodename nor servname provided, or not known)"))'), '(Request ID: 7f86884d-8cc5-4497-b685-788a908fcac1)')' thrown while requesting HEAD https://huggingface.co/cross-encoder/ms-marco-MiniLM-L-6-v2/resolve/main/tokenizer_config.json
'(MaxRetryError('HTTPSConnectionPool(host=\'huggingface.co\', port=443): Max retries exceeded with url: /cross-encoder/ms-marco-MiniLM-L-6-v2/resolve/main/tokenizer_config.json (Caused by NameResolutionError("HTTPSConnection(host=\'huggingface.co\', port=443): Failed to resolve \'huggingface.co\' ([Errno 8] nodename nor servname provided, or not known)"))'), '(Request ID: ba94064c-307f-42d8-96a7-00a10ccdd15b)')' thrown while requesting HEAD https://huggingface.co/cross-encoder/ms-marco-MiniLM-L-6-v2/resolve/main/tokenizer_config.json
2026-01-25 20:39:25,785 | WARNING | '(MaxRetryError('HTTPSConnectionPool(host=\'huggingface.co\', port=443): Max retries exceeded with url: /cross-encoder/ms-marco-MiniLM-L-6-v2/resolve/main/tokenizer_config.json (Caused by NameResolutionError("HTTPSConnection(host=\'huggingface.co\', port=443): Failed to resolve \'huggingface.co\' ([Errno 8] nodename nor servname provided, or not known)"))'), '(Request ID: ba94064c-307f-42d8-96a7-00a10ccdd15b)')' thrown while requesting HEAD https://huggingface.co/cross-encoder/ms-marco-MiniLM-L-6-v2/resolve/main/tokenizer_config.json
Retrying in 8s [Retry 5/5].
2026-01-25 20:39:25,785 | WARNING | '(MaxRetryError('HTTPSConnectionPool(host=\'huggingface.co\', port=443): Max retries exceeded with url: /cross-encoder/ms-marco-MiniLM-L-6-v2/resolve/main/tokenizer_config.json (Caused by NameResolutionError("HTTPSConnection(host=\'huggingface.co\', port=443): Failed to resolve \'huggingface.co\' ([Errno 8] nodename nor servname provided, or not known)"))'), '(Request ID: 7f86884d-8cc5-4497-b685-788a908fcac1)')' thrown while requesting HEAD https://huggingface.co/cross-encoder/ms-marco-MiniLM-L-6-v2/resolve/main/tokenizer_config.json
Retrying in 8s [Retry 5/5].
2026-01-25 20:39:25,788 | WARNING | Retrying in 8s [Retry 5/5].
2026-01-25 20:39:25,789 | WARNING | Retrying in 8s [Retry 5/5].
'(MaxRetryError('HTTPSConnectionPool(host=\'huggingface.co\', port=443): Max retries exceeded with url: /cross-encoder/ms-marco-MiniLM-L-6-v2/resolve/main/tokenizer_config.json (Caused by NameResolutionError("HTTPSConnection(host=\'huggingface.co\', port=443): Failed to resolve \'huggingface.co\' ([Errno 8] nodename nor servname provided, or not known)"))'), '(Request ID: 6de21340-de74-4ea6-a230-aaf8b0896f6a)')' thrown while requesting HEAD https://huggingface.co/cross-encoder/ms-marco-MiniLM-L-6-v2/resolve/main/tokenizer_config.json
'(MaxRetryError('HTTPSConnectionPool(host=\'huggingface.co\', port=443): Max retries exceeded with url: /cross-encoder/ms-marco-MiniLM-L-6-v2/resolve/main/tokenizer_config.json (Caused by NameResolutionError("HTTPSConnection(host=\'huggingface.co\', port=443): Failed to resolve \'huggingface.co\' ([Errno 8] nodename nor servname provided, or not known)"))'), '(Request ID: b4c807d2-71f0-414e-a201-3bb6edd4e4f2)')' thrown while requesting HEAD https://huggingface.co/cross-encoder/ms-marco-MiniLM-L-6-v2/resolve/main/tokenizer_config.json
2026-01-25 20:39:33,809 | WARNING | '(MaxRetryError('HTTPSConnectionPool(host=\'huggingface.co\', port=443): Max retries exceeded with url: /cross-encoder/ms-marco-MiniLM-L-6-v2/resolve/main/tokenizer_config.json (Caused by NameResolutionError("HTTPSConnection(host=\'huggingface.co\', port=443): Failed to resolve \'huggingface.co\' ([Errno 8] nodename nor servname provided, or not known)"))'), '(Request ID: 6de21340-de74-4ea6-a230-aaf8b0896f6a)')' thrown while requesting HEAD https://huggingface.co/cross-encoder/ms-marco-MiniLM-L-6-v2/resolve/main/tokenizer_config.json
2026-01-25 20:39:33,809 | WARNING | '(MaxRetryError('HTTPSConnectionPool(host=\'huggingface.co\', port=443): Max retries exceeded with url: /cross-encoder/ms-marco-MiniLM-L-6-v2/resolve/main/tokenizer_config.json (Caused by NameResolutionError("HTTPSConnection(host=\'huggingface.co\', port=443): Failed to resolve \'huggingface.co\' ([Errno 8] nodename nor servname provided, or not known)"))'), '(Request ID: b4c807d2-71f0-414e-a201-3bb6edd4e4f2)')' thrown while requesting HEAD https://huggingface.co/cross-encoder/ms-marco-MiniLM-L-6-v2/resolve/main/tokenizer_config.json
'(MaxRetryError('HTTPSConnectionPool(host=\'huggingface.co\', port=443): Max retries exceeded with url: /cross-encoder/ms-marco-MiniLM-L-6-v2/resolve/main/README.md (Caused by NameResolutionError("HTTPSConnection(host=\'huggingface.co\', port=443): Failed to resolve \'huggingface.co\' ([Errno 8] nodename nor servname provided, or not known)"))'), '(Request ID: 06dea4a8-1ec3-4a54-89b0-330ba85dad19)')' thrown while requesting HEAD https://huggingface.co/cross-encoder/ms-marco-MiniLM-L-6-v2/resolve/main/./README.md
'(MaxRetryError('HTTPSConnectionPool(host=\'huggingface.co\', port=443): Max retries exceeded with url: /cross-encoder/ms-marco-MiniLM-L-6-v2/resolve/main/README.md (Caused by NameResolutionError("HTTPSConnection(host=\'huggingface.co\', port=443): Failed to resolve \'huggingface.co\' ([Errno 8] nodename nor servname provided, or not known)"))'), '(Request ID: 051079c6-f67c-4dc5-b787-56240a97c2f8)')' thrown while requesting HEAD https://huggingface.co/cross-encoder/ms-marco-MiniLM-L-6-v2/resolve/main/./README.md
2026-01-25 20:39:33,846 | WARNING | '(MaxRetryError('HTTPSConnectionPool(host=\'huggingface.co\', port=443): Max retries exceeded with url: /cross-encoder/ms-marco-MiniLM-L-6-v2/resolve/main/README.md (Caused by NameResolutionError("HTTPSConnection(host=\'huggingface.co\', port=443): Failed to resolve \'huggingface.co\' ([Errno 8] nodename nor servname provided, or not known)"))'), '(Request ID: 06dea4a8-1ec3-4a54-89b0-330ba85dad19)')' thrown while requesting HEAD https://huggingface.co/cross-encoder/ms-marco-MiniLM-L-6-v2/resolve/main/./README.md
Retrying in 1s [Retry 1/5].
2026-01-25 20:39:33,846 | WARNING | '(MaxRetryError('HTTPSConnectionPool(host=\'huggingface.co\', port=443): Max retries exceeded with url: /cross-encoder/ms-marco-MiniLM-L-6-v2/resolve/main/README.md (Caused by NameResolutionError("HTTPSConnection(host=\'huggingface.co\', port=443): Failed to resolve \'huggingface.co\' ([Errno 8] nodename nor servname provided, or not known)"))'), '(Request ID: 051079c6-f67c-4dc5-b787-56240a97c2f8)')' thrown while requesting HEAD https://huggingface.co/cross-encoder/ms-marco-MiniLM-L-6-v2/resolve/main/./README.md
Retrying in 1s [Retry 1/5].
2026-01-25 20:39:33,849 | WARNING | Retrying in 1s [Retry 1/5].
2026-01-25 20:39:33,849 | WARNING | Retrying in 1s [Retry 1/5].
'(MaxRetryError('HTTPSConnectionPool(host=\'huggingface.co\', port=443): Max retries exceeded with url: /cross-encoder/ms-marco-MiniLM-L-6-v2/resolve/main/README.md (Caused by NameResolutionError("HTTPSConnection(host=\'huggingface.co\', port=443): Failed to resolve \'huggingface.co\' ([Errno 8] nodename nor servname provided, or not known)"))'), '(Request ID: ff8145e0-d50a-4a80-a50b-41e9ed95d552)')' thrown while requesting HEAD https://huggingface.co/cross-encoder/ms-marco-MiniLM-L-6-v2/resolve/main/./README.md
'(MaxRetryError('HTTPSConnectionPool(host=\'huggingface.co\', port=443): Max retries exceeded with url: /cross-encoder/ms-marco-MiniLM-L-6-v2/resolve/main/README.md (Caused by NameResolutionError("HTTPSConnection(host=\'huggingface.co\', port=443): Failed to resolve \'huggingface.co\' ([Errno 8] nodename nor servname provided, or not known)"))'), '(Request ID: 082f5a51-dce4-4e13-b7d6-e271d855ef3f)')' thrown while requesting HEAD https://huggingface.co/cross-encoder/ms-marco-MiniLM-L-6-v2/resolve/main/./README.md
2026-01-25 20:39:34,856 | WARNING | '(MaxRetryError('HTTPSConnectionPool(host=\'huggingface.co\', port=443): Max retries exceeded with url: /cross-encoder/ms-marco-MiniLM-L-6-v2/resolve/main/README.md (Caused by NameResolutionError("HTTPSConnection(host=\'huggingface.co\', port=443): Failed to resolve \'huggingface.co\' ([Errno 8] nodename nor servname provided, or not known)"))'), '(Request ID: ff8145e0-d50a-4a80-a50b-41e9ed95d552)')' thrown while requesting HEAD https://huggingface.co/cross-encoder/ms-marco-MiniLM-L-6-v2/resolve/main/./README.md
Retrying in 2s [Retry 2/5].
2026-01-25 20:39:34,856 | WARNING | '(MaxRetryError('HTTPSConnectionPool(host=\'huggingface.co\', port=443): Max retries exceeded with url: /cross-encoder/ms-marco-MiniLM-L-6-v2/resolve/main/README.md (Caused by NameResolutionError("HTTPSConnection(host=\'huggingface.co\', port=443): Failed to resolve \'huggingface.co\' ([Errno 8] nodename nor servname provided, or not known)"))'), '(Request ID: 082f5a51-dce4-4e13-b7d6-e271d855ef3f)')' thrown while requesting HEAD https://huggingface.co/cross-encoder/ms-marco-MiniLM-L-6-v2/resolve/main/./README.md
Retrying in 2s [Retry 2/5].
2026-01-25 20:39:34,857 | WARNING | Retrying in 2s [Retry 2/5].
2026-01-25 20:39:34,858 | WARNING | Retrying in 2s [Retry 2/5].
'(MaxRetryError('HTTPSConnectionPool(host=\'huggingface.co\', port=443): Max retries exceeded with url: /cross-encoder/ms-marco-MiniLM-L-6-v2/resolve/main/README.md (Caused by NameResolutionError("HTTPSConnection(host=\'huggingface.co\', port=443): Failed to resolve \'huggingface.co\' ([Errno 8] nodename nor servname provided, or not known)"))'), '(Request ID: ce4b3133-93a7-49a4-8f13-0fb2c300e658)')' thrown while requesting HEAD https://huggingface.co/cross-encoder/ms-marco-MiniLM-L-6-v2/resolve/main/./README.md
'(MaxRetryError('HTTPSConnectionPool(host=\'huggingface.co\', port=443): Max retries exceeded with url: /cross-encoder/ms-marco-MiniLM-L-6-v2/resolve/main/README.md (Caused by NameResolutionError("HTTPSConnection(host=\'huggingface.co\', port=443): Failed to resolve \'huggingface.co\' ([Errno 8] nodename nor servname provided, or not known)"))'), '(Request ID: da5ddb7f-426f-42ae-b0c8-2d0fb688c4d2)')' thrown while requesting HEAD https://huggingface.co/cross-encoder/ms-marco-MiniLM-L-6-v2/resolve/main/./README.md
2026-01-25 20:39:36,863 | WARNING | '(MaxRetryError('HTTPSConnectionPool(host=\'huggingface.co\', port=443): Max retries exceeded with url: /cross-encoder/ms-marco-MiniLM-L-6-v2/resolve/main/README.md (Caused by NameResolutionError("HTTPSConnection(host=\'huggingface.co\', port=443): Failed to resolve \'huggingface.co\' ([Errno 8] nodename nor servname provided, or not known)"))'), '(Request ID: ce4b3133-93a7-49a4-8f13-0fb2c300e658)')' thrown while requesting HEAD https://huggingface.co/cross-encoder/ms-marco-MiniLM-L-6-v2/resolve/main/./README.md
Retrying in 4s [Retry 3/5].
2026-01-25 20:39:36,863 | WARNING | '(MaxRetryError('HTTPSConnectionPool(host=\'huggingface.co\', port=443): Max retries exceeded with url: /cross-encoder/ms-marco-MiniLM-L-6-v2/resolve/main/README.md (Caused by NameResolutionError("HTTPSConnection(host=\'huggingface.co\', port=443): Failed to resolve \'huggingface.co\' ([Errno 8] nodename nor servname provided, or not known)"))'), '(Request ID: da5ddb7f-426f-42ae-b0c8-2d0fb688c4d2)')' thrown while requesting HEAD https://huggingface.co/cross-encoder/ms-marco-MiniLM-L-6-v2/resolve/main/./README.md
Retrying in 4s [Retry 3/5].
2026-01-25 20:39:36,866 | WARNING | Retrying in 4s [Retry 3/5].
2026-01-25 20:39:36,866 | WARNING | Retrying in 4s [Retry 3/5].
'(MaxRetryError('HTTPSConnectionPool(host=\'huggingface.co\', port=443): Max retries exceeded with url: /cross-encoder/ms-marco-MiniLM-L-6-v2/resolve/main/README.md (Caused by NameResolutionError("HTTPSConnection(host=\'huggingface.co\', port=443): Failed to resolve \'huggingface.co\' ([Errno 8] nodename nor servname provided, or not known)"))'), '(Request ID: 21fa8242-efe5-418e-8b14-c9b89f25536d)')' thrown while requesting HEAD https://huggingface.co/cross-encoder/ms-marco-MiniLM-L-6-v2/resolve/main/./README.md
'(MaxRetryError('HTTPSConnectionPool(host=\'huggingface.co\', port=443): Max retries exceeded with url: /cross-encoder/ms-marco-MiniLM-L-6-v2/resolve/main/README.md (Caused by NameResolutionError("HTTPSConnection(host=\'huggingface.co\', port=443): Failed to resolve \'huggingface.co\' ([Errno 8] nodename nor servname provided, or not known)"))'), '(Request ID: 08b50895-ea7c-483d-9c8e-171dfaf9395b)')' thrown while requesting HEAD https://huggingface.co/cross-encoder/ms-marco-MiniLM-L-6-v2/resolve/main/./README.md
2026-01-25 20:39:40,873 | WARNING | '(MaxRetryError('HTTPSConnectionPool(host=\'huggingface.co\', port=443): Max retries exceeded with url: /cross-encoder/ms-marco-MiniLM-L-6-v2/resolve/main/README.md (Caused by NameResolutionError("HTTPSConnection(host=\'huggingface.co\', port=443): Failed to resolve \'huggingface.co\' ([Errno 8] nodename nor servname provided, or not known)"))'), '(Request ID: 21fa8242-efe5-418e-8b14-c9b89f25536d)')' thrown while requesting HEAD https://huggingface.co/cross-encoder/ms-marco-MiniLM-L-6-v2/resolve/main/./README.md
Retrying in 8s [Retry 4/5].
2026-01-25 20:39:40,873 | WARNING | '(MaxRetryError('HTTPSConnectionPool(host=\'huggingface.co\', port=443): Max retries exceeded with url: /cross-encoder/ms-marco-MiniLM-L-6-v2/resolve/main/README.md (Caused by NameResolutionError("HTTPSConnection(host=\'huggingface.co\', port=443): Failed to resolve \'huggingface.co\' ([Errno 8] nodename nor servname provided, or not known)"))'), '(Request ID: 08b50895-ea7c-483d-9c8e-171dfaf9395b)')' thrown while requesting HEAD https://huggingface.co/cross-encoder/ms-marco-MiniLM-L-6-v2/resolve/main/./README.md
Retrying in 8s [Retry 4/5].
2026-01-25 20:39:40,876 | WARNING | Retrying in 8s [Retry 4/5].
2026-01-25 20:39:40,876 | WARNING | Retrying in 8s [Retry 4/5].
[2026-01-25 20:39:41,675][src.server.pool.model_pool][WARNING] - Worker 0 failed to start within 60.0s timeout
Error executing job with overrides: ['experiment=26b_model_pool_2x', 'server.grpc_port=50052', 'server.http_port=8082', 'server.prometheus_port=8002']
Traceback (most recent call last):
  File "/Users/bnarang/Desktop/cross encoder throughput experiments/src/main.py", line 56, in main
    orchestrator.start()
  File "/Users/bnarang/Desktop/cross encoder throughput experiments/src/server/services/orchestrator_service.py", line 72, in start
    self.pipeline.start()
  File "/Users/bnarang/Desktop/cross encoder throughput experiments/src/server/pipeline/queue_based.py", line 98, in start
    self.model_pool.start()
  File "/Users/bnarang/Desktop/cross encoder throughput experiments/src/server/pool/model_pool.py", line 141, in start
    raise RuntimeError(
RuntimeError: Worker 0 failed to start within 60.0s

Set the environment variable HYDRA_FULL_ERROR=1 for a complete stack trace.
