[2025-12-28 18:14:46,651][__main__][INFO] - Loaded config: experiment
[2025-12-28 18:14:46,651][src.server.services.orchestrator_service][INFO] - Tokenizer pool created: 3 workers, model: cross-encoder/ms-marco-MiniLM-L-6-v2
[2025-12-28 18:14:46,663][src.server.models.metrics.collector][INFO] - Experiment: experiment | Backend: mps | Device: mps
[2025-12-28 18:14:46,663][src.server.services.orchestrator_service][INFO] - Using orchestrator wrapper for async tokenization -> inference flow
[2025-12-28 18:14:46,663][src.server.services.orchestrator_service][INFO] - Starting tokenization service...
[2025-12-28 18:14:47,715][src.server.services.tokenization_service][INFO] - Tokenizer loaded: cross-encoder/ms-marco-MiniLM-L-6-v2
[2025-12-28 18:14:47,715][src.server.services.tokenization_service][INFO] - Tokenizer worker 0 loaded: cross-encoder/ms-marco-MiniLM-L-6-v2
[2025-12-28 18:14:47,732][src.server.services.tokenization_service][INFO] - Tokenizer loaded: cross-encoder/ms-marco-MiniLM-L-6-v2
[2025-12-28 18:14:47,733][src.server.services.tokenization_service][INFO] - Tokenizer worker 1 loaded: cross-encoder/ms-marco-MiniLM-L-6-v2
[2025-12-28 18:14:47,749][src.server.services.tokenization_service][INFO] - Tokenizer loaded: cross-encoder/ms-marco-MiniLM-L-6-v2
[2025-12-28 18:14:47,749][src.server.services.tokenization_service][INFO] - Tokenizer worker 2 loaded: cross-encoder/ms-marco-MiniLM-L-6-v2
[2025-12-28 18:14:48,670][src.server.services.tokenization_service][INFO] - Tokenizer pool ready with 3 workers
[2025-12-28 18:14:48,670][src.server.services.service_base][INFO] - TokenizationService started
[2025-12-28 18:14:48,670][src.server.services.orchestrator_service][INFO] - Starting inference service with 2 instances...
[2025-12-28 18:14:58,755][src.server.services.inference_service][INFO] - Pool ready with 2 workers
[2025-12-28 18:14:58,755][src.server.services.service_base][INFO] - InferenceService started
[2025-12-28 18:14:58,758][src.frontend.server][INFO] - Dashboard at http://localhost:8080
[2025-12-28 18:14:58,759][__main__][INFO] - Starting gRPC server on port 50051...
[2025-12-28 18:14:58,766][src.server.grpc][INFO] - gRPC server listening on 0.0.0.0:50051
[2025-12-28 18:15:00,449][src.server.models.metrics.collector][INFO] - Metrics reset
[2025-12-28 18:15:00,759][src.server.services.orchestrator_service][INFO] - Shutdown signal received
[2025-12-28 18:15:00,759][src.server.services.service_base][INFO] - InferenceService stopped
[2025-12-28 18:15:01,628][src.server.services.inference_service][INFO] - Pool stopped
[2025-12-28 18:15:01,628][src.server.services.service_base][INFO] - TokenizationService stopped
[2025-12-28 18:15:01,641][src.server.services.tokenization_service][INFO] - Tokenizer pool stopped
