[2025-12-28 18:26:14,953][__main__][INFO] - Loaded config: Multi-Model Pool (2x MPS)
[2025-12-28 18:26:14,953][src.server.services.orchestrator_service][INFO] - Tokenizer pool created: 3 workers, model: cross-encoder/ms-marco-MiniLM-L-6-v2
[2025-12-28 18:26:14,964][src.server.models.metrics.collector][INFO] - Experiment: Multi-Model Pool (2x MPS) | Backend: mps | Device: mps
[2025-12-28 18:26:14,965][src.server.services.orchestrator_service][INFO] - Using orchestrator wrapper for async tokenization -> inference flow
[2025-12-28 18:26:14,965][src.server.services.orchestrator_service][INFO] - Starting tokenization service...
[2025-12-28 18:26:16,007][src.server.services.tokenization_service][INFO] - Tokenizer loaded: cross-encoder/ms-marco-MiniLM-L-6-v2
[2025-12-28 18:26:16,007][src.server.services.tokenization_service][INFO] - Tokenizer worker 1 loaded: cross-encoder/ms-marco-MiniLM-L-6-v2
[2025-12-28 18:26:16,024][src.server.services.tokenization_service][INFO] - Tokenizer loaded: cross-encoder/ms-marco-MiniLM-L-6-v2
[2025-12-28 18:26:16,038][src.server.services.tokenization_service][INFO] - Tokenizer worker 0 loaded: cross-encoder/ms-marco-MiniLM-L-6-v2
[2025-12-28 18:26:16,039][src.server.services.tokenization_service][INFO] - Tokenizer loaded: cross-encoder/ms-marco-MiniLM-L-6-v2
[2025-12-28 18:26:16,039][src.server.services.tokenization_service][INFO] - Tokenizer worker 2 loaded: cross-encoder/ms-marco-MiniLM-L-6-v2
[2025-12-28 18:26:16,966][src.server.services.tokenization_service][INFO] - Tokenizer pool ready with 3 workers
[2025-12-28 18:26:16,967][src.server.services.service_base][INFO] - TokenizationService started
[2025-12-28 18:26:16,967][src.server.services.orchestrator_service][INFO] - Starting inference service with 2 instances...
[2025-12-28 18:26:26,646][src.server.services.inference_service][INFO] - Pool ready with 2 workers
[2025-12-28 18:26:26,646][src.server.services.service_base][INFO] - InferenceService started
[2025-12-28 18:26:26,646][src.server.services.metrics_service][INFO] - MetricsService started
[2025-12-28 18:26:26,650][src.frontend.server][INFO] - Dashboard at http://localhost:8080
[2025-12-28 18:26:26,650][__main__][INFO] - Starting gRPC server on port 50051...
[2025-12-28 18:26:26,656][src.server.grpc][INFO] - gRPC server listening on 0.0.0.0:50051
[2025-12-28 18:26:26,799][src.server.models.metrics.collector][INFO] - Metrics reset
[2025-12-28 18:27:56,610][src.server.services.orchestrator_service][INFO] - Shutdown signal received
[2025-12-28 18:27:56,610][src.server.services.metrics_service][INFO] - MetricsService stopped
[2025-12-28 18:27:56,610][src.server.services.service_base][INFO] - InferenceService stopped
[2025-12-28 18:27:57,416][src.server.services.inference_service][INFO] - Pool stopped
[2025-12-28 18:27:57,416][src.server.services.service_base][INFO] - TokenizationService stopped
[2025-12-28 18:27:57,431][src.server.services.tokenization_service][INFO] - Tokenizer pool stopped
