[2025-12-28 18:10:24,384][__main__][INFO] - Loaded config: Multi-Model Pool (2x MPS)
[2025-12-28 18:10:24,385][src.server.services.orchestrator_service][INFO] - Tokenizer pool created: 1 workers, model: cross-encoder/ms-marco-MiniLM-L-6-v2
[2025-12-28 18:10:24,395][src.server.models.metrics.collector][INFO] - Experiment: Multi-Model Pool (2x MPS) | Backend: mps | Device: mps
[2025-12-28 18:10:24,396][src.server.services.orchestrator_service][INFO] - Using orchestrator wrapper for async tokenization -> inference flow
[2025-12-28 18:10:24,396][src.server.services.orchestrator_service][INFO] - Starting tokenization service...
[2025-12-28 18:10:25,433][src.server.services.tokenization_service][INFO] - Tokenizer loaded: cross-encoder/ms-marco-MiniLM-L-6-v2
[2025-12-28 18:10:25,433][src.server.services.tokenization_service][INFO] - Tokenizer worker 0 loaded: cross-encoder/ms-marco-MiniLM-L-6-v2
[2025-12-28 18:10:26,396][src.server.services.tokenization_service][INFO] - Tokenizer pool ready with 1 workers
[2025-12-28 18:10:26,397][src.server.services.service_base][INFO] - TokenizationService started
[2025-12-28 18:10:26,397][src.server.services.orchestrator_service][INFO] - Starting inference service with 2 instances...
[2025-12-28 18:10:37,422][src.server.services.inference_service][INFO] - Pool ready with 2 workers
[2025-12-28 18:10:37,422][src.server.services.service_base][INFO] - InferenceService started
[2025-12-28 18:10:37,426][src.frontend.server][INFO] - Dashboard at http://localhost:8080
[2025-12-28 18:10:37,426][__main__][INFO] - Starting gRPC server on port 50051...
[2025-12-28 18:10:37,432][src.server.grpc][INFO] - gRPC server listening on 0.0.0.0:50051
[2025-12-28 18:10:38,154][src.server.models.metrics.collector][INFO] - Metrics reset
[2025-12-28 18:12:07,815][src.server.services.orchestrator_service][INFO] - Shutdown signal received
[2025-12-28 18:12:07,815][src.server.services.service_base][INFO] - InferenceService stopped
[2025-12-28 18:12:08,581][src.server.services.inference_service][INFO] - Pool stopped
[2025-12-28 18:12:08,581][src.server.services.service_base][INFO] - TokenizationService stopped
[2025-12-28 18:12:08,587][src.server.services.tokenization_service][INFO] - Tokenizer pool stopped
