[2025-12-28 19:22:29,364][__main__][INFO] - Loaded config: Multi-Model Pool (2x MPS)
[2025-12-28 19:22:29,364][src.server.services.orchestrator_service][INFO] - Tokenizer pool created: 3 workers, model: cross-encoder/ms-marco-MiniLM-L-6-v2
[2025-12-28 19:22:29,378][src.server.models.metrics.collector][INFO] - Experiment: Multi-Model Pool (2x MPS) | Backend: mps | Device: mps
[2025-12-28 19:22:29,379][src.server.services.orchestrator_service][INFO] - Using orchestrator wrapper for async tokenization -> inference flow
[2025-12-28 19:22:29,379][src.server.services.orchestrator_service][INFO] - Starting tokenization service...
[2025-12-28 19:22:30,418][src.server.services.tokenization_service][INFO] - Tokenizer loaded: cross-encoder/ms-marco-MiniLM-L-6-v2
[2025-12-28 19:22:30,418][src.server.services.tokenization_service][INFO] - Tokenizer loaded: cross-encoder/ms-marco-MiniLM-L-6-v2
[2025-12-28 19:22:30,418][src.server.services.tokenization_service][INFO] - Tokenizer worker 1 loaded: cross-encoder/ms-marco-MiniLM-L-6-v2
[2025-12-28 19:22:30,419][src.server.services.tokenization_service][INFO] - Tokenizer worker 2 loaded: cross-encoder/ms-marco-MiniLM-L-6-v2
[2025-12-28 19:22:30,434][src.server.services.tokenization_service][INFO] - Tokenizer loaded: cross-encoder/ms-marco-MiniLM-L-6-v2
[2025-12-28 19:22:30,438][src.server.services.tokenization_service][INFO] - Tokenizer worker 0 loaded: cross-encoder/ms-marco-MiniLM-L-6-v2
[2025-12-28 19:22:31,389][src.server.services.tokenization_service][INFO] - Tokenizer pool ready with 3 workers
[2025-12-28 19:22:31,389][src.server.services.service_base][INFO] - TokenizationService started
[2025-12-28 19:22:31,389][src.server.services.orchestrator_service][INFO] - Starting inference service with 2 instances...
[2025-12-28 19:22:40,681][src.server.services.inference_service][INFO] - Pool ready with 2 workers
[2025-12-28 19:22:40,681][src.server.services.service_base][INFO] - InferenceService started
[2025-12-28 19:22:40,681][src.server.services.metrics_service][INFO] - MetricsService started with worker metrics collection (interval: 5.0s)
[2025-12-28 19:22:40,685][src.frontend.server][INFO] - Dashboard at http://localhost:8080
[2025-12-28 19:22:40,685][__main__][INFO] - Starting gRPC server on port 50051...
[2025-12-28 19:22:40,690][src.server.grpc][INFO] - gRPC server listening on 0.0.0.0:50051
[2025-12-28 19:22:41,669][src.server.models.metrics.collector][INFO] - Metrics reset
[2025-12-28 19:22:42,163][src.server.services.orchestrator_service][INFO] - Shutdown signal received
[2025-12-28 19:22:42,163][src.server.services.metrics_service][INFO] - MetricsService stopped
[2025-12-28 19:22:42,163][src.server.services.service_base][INFO] - InferenceService stopped
[2025-12-28 19:22:42,751][src.server.services.inference_service][INFO] - Pool stopped
[2025-12-28 19:22:42,751][src.server.services.service_base][INFO] - TokenizationService stopped
[2025-12-28 19:22:42,762][src.server.services.tokenization_service][INFO] - Tokenizer pool stopped
