[2025-12-28 19:30:07,149][__main__][INFO] - Loaded config: Multi-Model Pool (2x MPS)
[2025-12-28 19:30:07,149][src.server.services.orchestrator_service][INFO] - Tokenizer pool created: 3 workers, model: cross-encoder/ms-marco-MiniLM-L-6-v2
[2025-12-28 19:30:07,164][src.server.models.metrics.collector][INFO] - Experiment: Multi-Model Pool (2x MPS) | Backend: mps | Device: mps
[2025-12-28 19:30:07,166][src.server.services.orchestrator_service][INFO] - Using orchestrator wrapper for async tokenization -> inference flow
[2025-12-28 19:30:07,166][src.server.services.orchestrator_service][INFO] - Starting tokenization service...
[2025-12-28 19:30:08,242][src.server.services.tokenization_service][INFO] - Tokenizer loaded: cross-encoder/ms-marco-MiniLM-L-6-v2
[2025-12-28 19:30:08,242][src.server.services.tokenization_service][INFO] - Tokenizer worker 0 loaded: cross-encoder/ms-marco-MiniLM-L-6-v2
[2025-12-28 19:30:08,270][src.server.services.tokenization_service][INFO] - Tokenizer loaded: cross-encoder/ms-marco-MiniLM-L-6-v2
[2025-12-28 19:30:08,270][src.server.services.tokenization_service][INFO] - Tokenizer worker 2 loaded: cross-encoder/ms-marco-MiniLM-L-6-v2
[2025-12-28 19:30:08,285][src.server.services.tokenization_service][INFO] - Tokenizer loaded: cross-encoder/ms-marco-MiniLM-L-6-v2
[2025-12-28 19:30:08,285][src.server.services.tokenization_service][INFO] - Tokenizer worker 1 loaded: cross-encoder/ms-marco-MiniLM-L-6-v2
[2025-12-28 19:30:09,207][src.server.services.tokenization_service][INFO] - Tokenizer pool ready with 3 workers
[2025-12-28 19:30:09,208][src.server.services.service_base][INFO] - TokenizationService started
[2025-12-28 19:30:09,208][src.server.services.orchestrator_service][INFO] - Starting inference service with 2 instances...
[2025-12-28 19:30:11,663][src.server.services.orchestrator_service][INFO] - Shutdown signal received
[2025-12-28 19:30:11,664][src.server.services.metrics_service][INFO] - MetricsService stopped
[2025-12-28 19:30:11,664][src.server.services.service_base][INFO] - InferenceService stopped
[2025-12-28 19:30:11,664][src.server.services.service_base][INFO] - TokenizationService stopped
[2025-12-28 19:30:11,680][src.server.services.orchestrator_service][INFO] - Shutdown signal received
[2025-12-28 19:30:11,680][src.server.services.metrics_service][INFO] - MetricsService stopped
[2025-12-28 19:30:11,680][src.server.services.service_base][INFO] - InferenceService stopped
[2025-12-28 19:30:11,681][src.server.services.service_base][INFO] - TokenizationService stopped
[2025-12-28 19:30:11,681][src.server.services.tokenization_service][INFO] - Tokenizer pool stopped
